#
# A fatal error has been detected by the Java Runtime Environment:
#
#  EXCEPTION_ACCESS_VIOLATION (0xc0000005) at pc=0x000000000001e3c0, pid=2408, tid=0x0000000000001d5c
#
# JRE version:  (8.0_211-b12) (build )
# Java VM: Java HotSpot(TM) 64-Bit Server VM (25.211-b12 mixed mode windows-amd64 compressed oops)
# Problematic frame:
# C  0x000000000001e3c0
#
# Failed to write core dump. Minidumps are not enabled by default on client versions of Windows
#
# If you would like to submit a bug report, please visit:
#   http://bugreport.java.com/bugreport/crash.jsp
# The crash happened outside the Java Virtual Machine in native code.
# See problematic frame for where to report the bug.
#

---------------  T H R E A D  ---------------

Current thread (0x00000000014ce800):  JavaThread "main" [_thread_in_native, id=7516, stack(0x0000000002d00000,0x0000000002e00000)]

siginfo: ExceptionCode=0xc0000005, ExceptionInformation=0x0000000000000008 0x000000000001e3c0

Registers:
RAX=0x00007ffaffee1000, RBX=0x000000001bcc89d0, RCX=0x00000000014ce9f8, RDX=0x0000000002dfedc0
RSP=0x0000000002dfecf8, RBP=0x0000000002dfedb0, RSI=0x000000001bc4b308, RDI=0x0000000020000031
R8 =0x0000000002dfedd0, R9 =0x0000000000000000, R10=0x0000000002fe8c3b, R11=0x000000006d16cef0
R12=0x0000000000000000, R13=0x000000001bcc89c0, R14=0x0000000002dfedd0, R15=0x00000000014ce800
RIP=0x000000000001e3c0, EFLAGS=0x0000000000010246

Top of Stack: (sp=0x0000000002dfecf8)
0x0000000002dfecf8:   00007ffaffee1011 0000000020000031
0x0000000002dfed08:   0000000002fe8ad7 0000000002dff001
0x0000000002dfed18:   00000000014ce800 000000001bcc8900
0x0000000002dfed28:   000000001bc4b308 0000000020000031
0x0000000002dfed38:   0000000002fe8c67 00000000014ce800
0x0000000002dfed48:   000000001bcc89d0 000000001bc4b308
0x0000000002dfed58:   00000000014ce800 0000000002dfee20
0x0000000002dfed68:   0000000002fe8962 0000000002dfed70
0x0000000002dfed78:   000000001bcc89c0 0000000002dfedd0
0x0000000002dfed88:   000000001bcc9750 0000000000000000
0x0000000002dfed98:   000000001bcc89d0 0000000000000000
0x0000000002dfeda8:   0000000002dfedd0 0000000002dfee18
0x0000000002dfedb8:   0000000002fd80e0 000000076b385ee8
0x0000000002dfedc8:   0000000002fe21db 000000076b386350
0x0000000002dfedd8:   0000000002dfedd8 000000001bc4c24b
0x0000000002dfede8:   0000000002dfee20 000000001bcccad8 

Instructions: (pc=0x000000000001e3c0)
0x000000000001e3a0:   
[error occurred during error reporting (printing registers, top of stack, instructions near pc), id 0xc0000005]

Register to memory mapping:

RAX=0x00007ffaffee1000 is an unknown value
RBX={method} {0x000000001bcc89d8} 'doPrivileged' '(Ljava/security/PrivilegedAction;)Ljava/lang/Object;' in 'java/security/AccessController'
RCX=0x00000000014ce9f8 is an unknown value
RDX=0x0000000002dfedc0 is pointing into the stack for thread: 0x00000000014ce800
RSP=0x0000000002dfecf8 is pointing into the stack for thread: 0x00000000014ce800
RBP=0x0000000002dfedb0 is pointing into the stack for thread: 0x00000000014ce800
RSI=0x000000001bc4b308 is pointing into metadata
RDI=0x0000000020000031 is an unknown value
R8 =0x0000000002dfedd0 is pointing into the stack for thread: 0x00000000014ce800
R9 =0x0000000000000000 is an unknown value
R10=0x0000000002fe8c3b is at code_begin+891 in an Interpreter codelet
method entry point (kind = native)  [0x0000000002fe88c0, 0x0000000002fe9280]  2496 bytes
R11=0x000000006d16cef0 is an unknown value
R12=0x0000000000000000 is an unknown value
R13=0x000000001bcc89c0 is pointing into metadata
R14=0x0000000002dfedd0 is pointing into the stack for thread: 0x00000000014ce800
R15=0x00000000014ce800 is a thread


Stack: [0x0000000002d00000,0x0000000002e00000],  sp=0x0000000002dfecf8,  free space=1019k
Native frames: (J=compiled Java code, j=interpreted, Vv=VM code, C=native code)
C  0x000000000001e3c0

Java frames: (J=compiled Java code, j=interpreted, Vv=VM code)
j  java.security.AccessController.doPrivileged(Ljava/security/PrivilegedAction;)Ljava/lang/Object;+0
j  java.lang.reflect.AccessibleObject.<clinit>()V+19
v  ~StubRoutines::call_stub

---------------  P R O C E S S  ---------------

Java Threads: ( => current thread )
=>0x00000000014ce800 JavaThread "main" [_thread_in_native, id=7516, stack(0x0000000002d00000,0x0000000002e00000)]

Other Threads:
  0x000000001c577000 VMThread [stack: 0x000000001d600000,0x000000001d700000] [id=14816]

VM state:not at safepoint (normal execution)

VM Mutex/Monitor currently owned by a thread: None

heap address: 0x00000006c1a00000, size: 4070 MB, Compressed Oops mode: Zero based, Oop shift amount: 3
Narrow klass base: 0x0000000000000000, Narrow klass shift: 3
Compressed class space size: 1073741824 Address: 0x00000007c0000000

Heap:
 PSYoungGen      total 2048K, used 30K [0x000000076b380000, 0x000000076b600000, 0x00000007c0000000)
  eden space 1536K, 2% used [0x000000076b380000,0x000000076b387af0,0x000000076b500000)
  from space 512K, 0% used [0x000000076b580000,0x000000076b580000,0x000000076b600000)
  to   space 512K, 0% used [0x000000076b500000,0x000000076b500000,0x000000076b580000)
 ParOldGen       total 5632K, used 0K [0x00000006c1a00000, 0x00000006c1f80000, 0x000000076b380000)
  object space 5632K, 0% used [0x00000006c1a00000,0x00000006c1a00000,0x00000006c1f80000)
 Metaspace       used 900K, capacity 4480K, committed 4480K, reserved 1056768K
  class space    used 92K, capacity 384K, committed 384K, reserved 1048576K

Card table byte_map: [0x0000000012390000,0x0000000012b90000] byte_map_base: 0x000000000ed83000

Marking Bits: (ParMarkBitMap*) 0x000000006d765ce0
 Begin Bits: [0x00000000134e0000, 0x0000000017478000)
 End Bits:   [0x0000000017478000, 0x000000001b410000)

Polling page: 0x0000000001470000

CodeCache: size=245760Kb used=396Kb max_used=396Kb free=245363Kb
 bounds [0x0000000002fd0000, 0x0000000003240000, 0x0000000011fd0000]
 total_blobs=86 nmethods=0 adapters=60
 compilation: enabled

Compilation events (0 events):
No events

GC Heap History (0 events):
No events

Deoptimization events (0 events):
No events

Classes redefined (0 events):
No events

Internal exceptions (0 events):
No events

Events (10 events):
Event: 0.036 loading class java/util/List done
Event: 0.036 loading class java/util/RandomAccess
Event: 0.036 loading class java/util/RandomAccess done
Event: 0.036 loading class java/util/AbstractList
Event: 0.037 loading class java/util/AbstractCollection
Event: 0.037 loading class java/util/AbstractCollection done
Event: 0.037 loading class java/util/AbstractList done
Event: 0.037 loading class java/util/Vector done
Event: 0.037 loading class java/util/Stack
Event: 0.037 loading class java/util/Stack done


Dynamic libraries:
0x00007ff7f5690000 - 0x00007ff7f5697000 	C:\Program Files\Java\jdk1.8.0_211\bin\javac.exe
0x00007ffb18b10000 - 0x00007ffb18d08000 	C:\Windows\SYSTEM32\ntdll.dll
0x00007ffb181d0000 - 0x00007ffb1828f000 	C:\Windows\System32\KERNEL32.DLL
0x00007ffb16870000 - 0x00007ffb16b66000 	C:\Windows\System32\KERNELBASE.dll
0x00007ffb04be0000 - 0x00007ffb04c0f000 	C:\Program Files\Java\jdk1.8.0_211\bin\jli.dll
0x000000006ce60000 - 0x000000006cf32000 	C:\Program Files\Java\jdk1.8.0_211\bin\MSVCR100.dll
0x00007ffb16ed0000 - 0x00007ffb16f7f000 	C:\Windows\System32\ADVAPI32.dll
0x00007ffb18130000 - 0x00007ffb181ce000 	C:\Windows\System32\msvcrt.dll
0x00007ffb16f80000 - 0x00007ffb1701c000 	C:\Windows\System32\sechost.dll
0x00007ffb17ca0000 - 0x00007ffb17dc6000 	C:\Windows\System32\RPCRT4.dll
0x00007ffb17b00000 - 0x00007ffb17c9d000 	C:\Windows\System32\USER32.dll
0x00007ffb163b0000 - 0x00007ffb163d2000 	C:\Windows\System32\win32u.dll
0x00007ffb18340000 - 0x00007ffb1836c000 	C:\Windows\System32\GDI32.dll
0x00007ffb161f0000 - 0x00007ffb16305000 	C:\Windows\System32\gdi32full.dll
0x00007ffb16310000 - 0x00007ffb163ad000 	C:\Windows\System32\msvcp_win.dll
0x00007ffb16470000 - 0x00007ffb16570000 	C:\Windows\System32\ucrtbase.dll
0x00007ffb04e60000 - 0x00007ffb050fa000 	C:\Windows\WinSxS\amd64_microsoft.windows.common-controls_6595b64144ccf1df_6.0.19041.1110_none_60b5254171f9507e\COMCTL32.dll
0x00007ffb17890000 - 0x00007ffb178c0000 	C:\Windows\System32\IMM32.DLL
0x000000006d7f0000 - 0x000000006d8c2000 	C:\Program Files\Java\jdk1.8.0_211\jre\bin\msvcr100.dll
0x000000006cf40000 - 0x000000006d7e5000 	C:\Program Files\Java\jdk1.8.0_211\jre\bin\server\jvm.dll
0x00007ffb178c0000 - 0x00007ffb178c8000 	C:\Windows\System32\PSAPI.DLL
0x00007ffb115e0000 - 0x00007ffb115e9000 	C:\Windows\SYSTEM32\WSOCK32.dll
0x00007ffb178d0000 - 0x00007ffb1793b000 	C:\Windows\System32\WS2_32.dll
0x00007ffb0be40000 - 0x00007ffb0be4a000 	C:\Windows\SYSTEM32\VERSION.dll
0x00007ffb03840000 - 0x00007ffb03867000 	C:\Windows\SYSTEM32\WINMM.dll
0x00007ffafff60000 - 0x00007ffafff6f000 	C:\Program Files\Java\jdk1.8.0_211\jre\bin\verify.dll
0x00007ffaffee0000 - 0x00007ffafff09000 	C:\Program Files\Java\jdk1.8.0_211\jre\bin\java.dll
0x00007ffae2910000 - 0x00007ffae2926000 	C:\Program Files\Java\jdk1.8.0_211\jre\bin\zip.dll
0x00007ffb02c00000 - 0x00007ffb02de4000 	C:\Windows\SYSTEM32\dbghelp.dll
0x00007ffb163e0000 - 0x00007ffb16462000 	C:\Windows\System32\bcryptPrimitives.dll

VM Arguments:
jvm_args: -Dapplication.home=C:\Program Files\Java\jdk1.8.0_211 -Xms8m 
java_command: com.sun.tools.javac.Main -version
java_class_path (initial): C:\Program Files\Java\jdk1.8.0_211/lib/tools.jar;C:\Program Files\Java\jdk1.8.0_211/classes
Launcher Type: SUN_STANDARD

Environment Variables:
JAVA_HOME=C:\Program Files\Java\jdk1.8.0_211
PATH=C:\Program Files\Java\jdk1.8.0_211\bin;F:\RR\cub live\node_modules\.bin;C:\Windows\system32;C:\Windows;C:\Windows\System32\Wbem;C:\Windows\System32\WindowsPowerShell\v1.0\;C:\Windows\System32\OpenSSH\;C:\Users\Admin\AppData\Local\Programs\Microsoft VS Code\bin;C:\Program Files\Java\jdk1.8.0_211\bin;C:\Users\Admin\AppData\Local\build-tools;C:\Users\Admin\AppData\Local\platforms;C:\gradle-7.6.1\bin;C:\Users\Admin\AppData\Local\platform-tools;C:\Program Files\Android\Android Studio\bin;C:\Program Files\Java\jdk1.8.0_211;C:\Program Files\nodejs;C:\Users\Admin\AppData\Local\Microsoft\WindowsApps;C:\Users\Admin\AppData\Local\Programs\Microsoft VS Code\bin;C:\Users\Admin\AppData\Roaming\npm;
USERNAME=Admin
OS=Windows_NT
PROCESSOR_IDENTIFIER=Intel64 Family 6 Model 61 Stepping 4, GenuineIntel



---------------  S Y S T E M  ---------------

OS: Windows 10.0 , 64 bit Build 19041 (10.0.19041.3155)

CPU:total 4 (initial active 4) (2 cores per cpu, 2 threads per core) family 6 model 61 stepping 4, cmov, cx8, fxsr, mmx, sse, sse2, sse3, ssse3, sse4.1, sse4.2, popcnt, avx, avx2, aes, clmul, erms, rtm, 3dnowpref, lzcnt, ht, tsc, tscinvbit, bmi1, bmi2, adx

Memory: 4k page, physical 16670032k(8053312k free), swap 19684688k(8668364k free)

vm_info: Java HotSpot(TM) 64-Bit Server VM (25.211-b12) for windows-amd64 JRE (1.8.0_211-b12), built on Apr  1 2019 20:53:26 by "java_re" with MS VC++ 10.0 (VS2010)

time: Fri Aug 11 02:05:38 2023
timezone: Pacific Daylight Time
elapsed time: 0 seconds (0d 0h 0m 0s)

